<?xml version="1.0" encoding="UTF-8"?>
<!-- Generated by org.testng.reporters.JUnitReportReporter -->
<testsuite hostname="DESKTOP-U4CTL14" failures="0" tests="1" name="TestCases.NomainMethod" time="0.015" errors="0" timestamp="2024-07-24T10:40:16 IST" skipped="0">
  <testcase classname="TestCases.NomainMethod" name="priningthevalue" time="0.015"/>
  <system-out/>
</testsuite> <!-- TestCases.NomainMethod -->
