<?xml version="1.0" encoding="UTF-8"?>
<!-- Generated by org.testng.reporters.JUnitReportReporter -->
<testsuite hostname="DESKTOP-U4CTL14" failures="0" tests="1" name="TestCases.Login_TestCase" time="12.668" errors="0" timestamp="2024-05-26T16:27:20 IST" skipped="0">
  <testcase classname="TestCases.Login_TestCase" name="loginasdefaultuser" time="12.668"/>
  <system-out/>
</testsuite> <!-- TestCases.Login_TestCase -->
